vanite-firebase/consumer-rules.pro
-keep public class * {
   public * ;
 }