vanite-firebase/build/outputs/mapping/release/seeds.txt
io.vortex.android.firebase.R$interpolator
io.vortex.android.firebase.R$layout
io.vortex.android.firebase.R$style
io.vortex.android.firebase.R$id
io.vortex.android.firebase.R$dimen
io.vortex.android.firebase.R$animator
io.vortex.android.firebase.R$bool
io.vortex.android.firebase.R
io.vortex.android.firebase.R$string
io.vortex.android.firebase.R$anim
io.vortex.android.firebase.R$menu
io.vortex.android.firebase.R$drawable
io.vortex.android.firebase.R$styleable
io.vortex.android.firebase.R$integer
io.vortex.android.firebase.R$attr
io.vortex.android.firebase.R$color
io.vortex.android.firebase.R$attr: int drawableStartCompat
io.vortex.android.firebase.R$drawable: int abc_ic_menu_copy_mtrl_am_alpha
io.vortex.android.firebase.R$styleable: int Toolbar_navigationIcon
io.vortex.android.firebase.R$attr: int panelMenuListWidth
io.vortex.android.firebase.R$style: int Base_V22_Theme_AppCompat
io.vortex.android.firebase.R$color: int button_material_light
io.vortex.android.firebase.R$styleable: int GradientColor_android_type
io.vortex.android.firebase.R$string: int abc_action_bar_up_description
io.vortex.android.firebase.R$id: int group_divider
io.vortex.android.firebase.R$attr: int showDividers
io.vortex.android.firebase.R$style: int Base_Widget_AppCompat_SearchView
io.vortex.android.firebase.R$styleable: int Toolbar_titleMarginTop
io.vortex.android.firebase.R$style: int Widget_AppCompat_PopupWindow
io.vortex.android.firebase.R$attr: int actionViewClass
io.vortex.android.firebase.R$styleable: int DrawerArrowToggle_color
io.vortex.android.firebase.R$styleable: int MenuItem_actionLayout
io.vortex.android.firebase.R$style: int Widget_AppCompat_PopupMenu_Overflow
io.vortex.android.firebase.R$id: int accessibility_custom_action_4
io.vortex.android.firebase.R$style: int Base_TextAppearance_AppCompat_Subhead
io.vortex.android.firebase.R$style: int TextAppearance_Compat_Notification_Time
io.vortex.android.firebase.R$style: int Base_TextAppearance_AppCompat_Widget_PopupMenu_Large
io.vortex.android.firebase.R$styleable: int FontFamily_fontProviderPackage
io.vortex.android.firebase.R$dimen: int hint_alpha_material_dark
io.vortex.android.firebase.R$styleable: int AppCompatTheme_colorAccent
io.vortex.android.firebase.R$interpolator: int btn_checkbox_unchecked_mtrl_animation_interpolator_0
io.vortex.android.firebase.R$anim: int abc_slide_in_top
io.vortex.android.firebase.R$attr: int queryBackground
io.vortex.android.firebase.R$styleable: int AppCompatTheme_colorError
io.vortex.android.firebase.R$id: int text2
io.vortex.android.firebase.R$styleable: int AppCompatTheme_textAppearancePopupMenuHeader
io.vortex.android.firebase.R$attr: int actionBarPopupTheme
io.vortex.android.firebase.R$styleable: int[] DrawerLayout
io.vortex.android.firebase.R$style: int Base_Widget_AppCompat_ProgressBar_Horizontal
io.vortex.android.firebase.R$id: int light
io.vortex.android.firebase.R$layout: int abc_action_mode_close_item_material
io.vortex.android.firebase.R$color: int abc_tint_edittext
io.vortex.android.firebase.R$styleable: int AppCompatTheme_listDividerAlertDialog
io.vortex.android.firebase.R$dimen: int abc_text_size_small_material
io.vortex.android.firebase.R$string: int abc_search_hint
io.vortex.android.firebase.R$styleable: int AppCompatTheme_actionBarItemBackground
io.vortex.android.firebase.R$id: int time
io.vortex.android.firebase.R$dimen: int abc_dialog_title_divider_material
io.vortex.android.firebase.R$anim: int btn_checkbox_to_checked_icon_null_animation
io.vortex.android.firebase.R$id: int topPanel
io.vortex.android.firebase.R$styleable: int FontFamilyFont_android_font
io.vortex.android.firebase.R$drawable: int abc_list_longpressed_holo
io.vortex.android.firebase.R$styleable: int TextAppearance_android_shadowRadius
io.vortex.android.firebase.R$drawable: int btn_checkbox_unchecked_to_checked_mtrl_animation
io.vortex.android.firebase.R$layout: int notification_template_part_time
io.vortex.android.firebase.R$drawable: int common_google_signin_btn_text_disabled