vanite-firebase/build/outputs/mapping/release/usage.txt
io.vortex.android.firebase.BuildConfig
io.vortex.android.firebase.VortexFirebaseAuth$Companion
io.vortex.android.firebase.VortexFirebaseAuth$checkAccountStatus$2
io.vortex.android.firebase.VortexFirebaseAuth$destroyAuth$2
io.vortex.android.firebase.VortexFirebaseAuth$registerGoogleSignInHandler$2
io.vortex.android.firebase.VortexFirebaseAuth$registerWithEmailAndPassword$2
io.vortex.android.firebase.VortexFirebaseAuth$signInByGoogle$2
io.vortex.android.firebase.VortexFirebaseAuth$signInEmailAndPassword$2
io.vortex.android.firebase.VortexFirebaseAuth$signOut$2
io.vortex.android.firebase.VortexFirebaseAuth
io.vortex.android.firebase.VortexFirebaseMessaging$showNotification$2
io.vortex.android.firebase.VortexFirebaseMessaging$showNotification$4
io.vortex.android.firebase.VortexFirebaseMessaging$showScreen$2
io.vortex.android.firebase.VortexFirebaseMessaging
io.vortex.android.firebase.VortexFirestore$createDocument$2
io.vortex.android.firebase.VortexFirestore$deleteDocument$2
io.vortex.android.firebase.VortexFirestore$getAllDocumentsAtCollection$2$1
io.vortex.android.firebase.VortexFirestore$updateDocument$2
io.vortex.android.firebase.VortexFirestore
io.vortex.android.firebase.VortexNotification
io.vortex.android.firebase.VortexReportingTree
io.vortex.android.firebase.impl.FirebaseAuthImpl
io.vortex.android.firebase.impl.FirebaseNotificationImpl
io.vortex.android.firebase.impl.VortexFirestoreImpl
io.vortex.android.firebase.listener.VortexAuthListener
io.vortex.android.firebase.listener.VortexGoogleAuthLIstener